2026-04-11 18:15:15 | INFO | Парсер запущен
2026-04-11 18:25:15 | INFO | Парсинг запущен
2026-04-11 18:25:38 | INFO | Kwork: 186 | FL.ru: 0 | После фильтра: 142
2026-04-11 18:25:38 | INFO | Новый заказ отправлен: https://kwork.ru/projects/3148649
2026-04-11 18:25:40 | INFO | Новый заказ отправлен: https://kwork.ru/projects/3148645
2026-04-11 18:25:40 | INFO | Новый заказ отправлен: https://kwork.ru/projects/3148567
2026-04-11 18:25:41 | INFO | Новый заказ отправлен: https://kwork.ru/projects/3148615
2026-04-11 18:25:42 | INFO | Новый заказ отправлен: https://kwork.ru/projects/3148612
2026-04-11 18:25:43 | INFO | Новый заказ отправлен: https://kwork.ru/projects/3148609
2026-04-11 18:25:44 | INFO | Новый заказ отправлен: https://kwork.ru/projects/3148594
2026-04-11 18:25:44 | INFO | Дубликат пропущен: https://kwork.ru/projects/3146812
2026-04-11 18:25:44 | INFO | Новый заказ отправлен: https://kwork.ru/projects/3148587
2026-04-11 18:25:45 | INFO | Новый заказ отправлен: https://kwork.ru/projects/3148570
2026-04-11 18:25:50 | INFO | Новый заказ отправлен: https://kwork.ru/projects/3148574
2026-04-11 18:25:51 | INFO | Новый заказ отправлен: https://kwork.ru/projects/3148400
2026-04-11 18:25:52 | INFO | Новый заказ отправлен: https://kwork.ru/projects/3148544
2026-04-11 18:25:52 | INFO | Новый заказ отправлен: https://kwork.ru/projects/3148259
2026-04-11 18:25:53 | INFO | Новый заказ отправлен: https://kwork.ru/projects/3148529
2026-04-11 18:25:53 | INFO | Дубликат пропущен: https://kwork.ru/projects/3148517
2026-04-11 18:25:53 | INFO | Дубликат пропущен: https://kwork.ru/projects/3148504
2026-04-11 18:25:53 | INFO | Дубликат пропущен: https://kwork.ru/projects/3148502
2026-04-11 18:25:53 | INFO | Дубликат пропущен: https://kwork.ru/projects/3148468
2026-04-11 18:25:54 | INFO | Новый заказ отправлен: https://kwork.ru/projects/3148459
2026-04-11 18:25:54 | INFO | Дубликат пропущен: https://kwork.ru/projects/3148394
2026-04-11 18:25:54 | INFO | Дубликат пропущен: https://kwork.ru/projects/3148351
2026-04-11 18:25:55 | INFO | Новый заказ отправлен: https://kwork.ru/projects/3148364
2026-04-11 18:25:55 | INFO | Дубликат пропущен: https://kwork.ru/projects/3148347
2026-04-11 18:25:55 | INFO | Дубликат пропущен: https://kwork.ru/projects/3148345
2026-04-11 18:25:55 | INFO | Новый заказ отправлен: https://kwork.ru/projects/3148339
2026-04-11 18:25:56 | INFO | Новый заказ отправлен: https://kwork.ru/projects/3148306
2026-04-11 18:25:56 | INFO | Дубликат пропущен: https://kwork.ru/projects/3148286
2026-04-11 18:25:57 | INFO | Новый заказ отправлен: https://kwork.ru/projects/3148240
2026-04-11 18:25:57 | INFO | Дубликат пропущен: https://kwork.ru/projects/3148135
2026-04-11 18:25:57 | INFO | Дубликат пропущен: https://kwork.ru/projects/3148100
2026-04-11 18:25:57 | INFO | Дубликат пропущен: https://kwork.ru/projects/3148440
2026-04-11 18:25:57 | INFO | Дубликат пропущен: https://kwork.ru/projects/3148375
2026-04-11 18:25:59 | INFO | Новый заказ отправлен: https://kwork.ru/projects/3148374
2026-04-11 18:25:59 | INFO | Дубликат пропущен: https://kwork.ru/projects/3140538
2026-04-11 18:25:59 | INFO | Дубликат пропущен: https://kwork.ru/projects/3114453
2026-04-11 18:25:59 | INFO | Дубликат пропущен: https://kwork.ru/projects/3148298
2026-04-11 18:25:59 | INFO | Дубликат пропущен: https://kwork.ru/projects/3148262
2026-04-11 18:25:59 | INFO | Дубликат пропущен: https://kwork.ru/projects/3148251
2026-04-11 18:25:59 | INFO | Дубликат пропущен: https://kwork.ru/projects/3148109
2026-04-11 18:25:59 | INFO | Новый заказ отправлен: https://kwork.ru/projects/3146164
2026-04-11 18:25:59 | INFO | Дубликат пропущен: https://kwork.ru/projects/3148052
2026-04-11 18:25:59 | INFO | Дубликат пропущен: https://kwork.ru/projects/3148047
2026-04-11 18:25:59 | INFO | Дубликат пропущен: https://kwork.ru/projects/3147604
2026-04-11 18:25:59 | INFO | Дубликат пропущен: https://kwork.ru/projects/3148024
2026-04-11 18:25:59 | INFO | Дубликат пропущен: https://kwork.ru/projects/3145187
2026-04-11 18:25:59 | INFO | Дубликат пропущен: https://kwork.ru/projects/3147979
2026-04-11 18:25:59 | INFO | Дубликат пропущен: https://kwork.ru/projects/3147995
2026-04-11 18:25:59 | INFO | Дубликат пропущен: https://kwork.ru/projects/3147395
2026-04-11 18:26:00 | INFO | Новый заказ отправлен: https://kwork.ru/projects/3147771
2026-04-11 18:26:00 | INFO | Дубликат пропущен: https://kwork.ru/projects/3147946
2026-04-11 18:26:00 | INFO | Дубликат пропущен: https://kwork.ru/projects/3143544
2026-04-11 18:26:00 | INFO | Дубликат пропущен: https://kwork.ru/projects/3147929
2026-04-11 18:26:00 | INFO | Дубликат пропущен: https://kwork.ru/projects/3147859
2026-04-11 18:26:00 | INFO | Дубликат пропущен: https://kwork.ru/projects/3147867
2026-04-11 18:26:00 | INFO | Дубликат пропущен: https://kwork.ru/projects/3147829
2026-04-11 18:26:01 | INFO | Новый заказ отправлен: https://kwork.ru/projects/3147824
2026-04-11 18:26:02 | INFO | Новый заказ отправлен: https://kwork.ru/projects/2923776
2026-04-11 18:26:02 | INFO | Дубликат пропущен: https://kwork.ru/projects/3096682
2026-04-11 18:26:03 | INFO | Новый заказ отправлен: https://kwork.ru/projects/3144601
2026-04-11 18:26:03 | INFO | Дубликат пропущен: https://kwork.ru/projects/3147789
2026-04-11 18:26:03 | INFO | Дубликат пропущен: https://kwork.ru/projects/3147758
2026-04-11 18:26:03 | INFO | Дубликат пропущен: https://kwork.ru/projects/3147744
2026-04-11 18:26:03 | INFO | Дубликат пропущен: https://kwork.ru/projects/3144474
2026-04-11 18:26:03 | INFO | Дубликат пропущен: https://kwork.ru/projects/3147768
2026-04-11 18:26:03 | INFO | Дубликат пропущен: https://kwork.ru/projects/3147780
2026-04-11 18:26:03 | INFO | Дубликат пропущен: https://kwork.ru/projects/3147753
2026-04-11 18:26:03 | INFO | Дубликат пропущен: https://kwork.ru/projects/3128980
2026-04-11 18:26:04 | INFO | Новый заказ отправлен: https://kwork.ru/projects/3147736
2026-04-11 18:26:04 | INFO | Новый заказ отправлен: https://kwork.ru/projects/3147612
2026-04-11 18:26:04 | INFO | Дубликат пропущен: https://kwork.ru/projects/3147728
2026-04-11 18:26:05 | INFO | Новый заказ отправлен: https://kwork.ru/projects/3147706
2026-04-11 18:26:06 | INFO | Новый заказ отправлен: https://kwork.ru/projects/3147696
2026-04-11 18:26:12 | INFO | Новый заказ отправлен: https://kwork.ru/projects/3147695
2026-04-11 18:26:12 | INFO | Дубликат пропущен: https://kwork.ru/projects/3147686
2026-04-11 18:26:12 | INFO | Дубликат пропущен: https://kwork.ru/projects/3147668
2026-04-11 18:26:12 | INFO | Дубликат пропущен: https://kwork.ru/projects/3147684
2026-04-11 18:26:12 | INFO | Дубликат пропущен: https://kwork.ru/projects/3139331
2026-04-11 18:26:12 | INFO | Дубликат пропущен: https://kwork.ru/projects/3140709
2026-04-11 18:26:12 | INFO | Дубликат пропущен: https://kwork.ru/projects/3147681
2026-04-11 18:26:12 | INFO | Дубликат пропущен: https://kwork.ru/projects/3147678
2026-04-11 18:26:12 | INFO | Дубликат пропущен: https://kwork.ru/projects/3147623
2026-04-11 18:26:12 | INFO | Дубликат пропущен: https://kwork.ru/projects/3147660
2026-04-11 18:26:12 | INFO | Дубликат пропущен: https://kwork.ru/projects/3140290
2026-04-11 18:26:13 | INFO | Новый заказ отправлен: https://kwork.ru/projects/3130718
2026-04-11 18:26:13 | INFO | Дубликат пропущен: https://kwork.ru/projects/3147577
2026-04-11 18:26:14 | INFO | Новый заказ отправлен: https://kwork.ru/projects/3147621
2026-04-11 18:26:14 | INFO | Дубликат пропущен: https://kwork.ru/projects/3147611
2026-04-11 18:26:14 | INFO | Дубликат пропущен: https://kwork.ru/projects/3147605
2026-04-11 18:26:14 | INFO | Дубликат пропущен: https://kwork.ru/projects/3147567
2026-04-11 18:26:14 | INFO | Дубликат пропущен: https://kwork.ru/projects/3147564
2026-04-11 18:26:14 | INFO | Дубликат пропущен: https://kwork.ru/projects/3147581
2026-04-11 18:26:14 | INFO | Дубликат пропущен: https://kwork.ru/projects/3147571
2026-04-11 18:26:14 | INFO | Дубликат пропущен: https://kwork.ru/projects/3147547
2026-04-11 18:26:15 | INFO | Новый заказ отправлен: https://kwork.ru/projects/3147526
2026-04-11 18:26:15 | INFO | Дубликат пропущен: https://kwork.ru/projects/3147525
2026-04-11 18:26:17 | INFO | Новый заказ отправлен: https://kwork.ru/projects/3147522
2026-04-11 18:26:17 | INFO | Дубликат пропущен: https://kwork.ru/projects/3137788
2026-04-11 18:26:17 | INFO | Дубликат пропущен: https://kwork.ru/projects/2664819
2026-04-11 18:26:18 | INFO | Новый заказ отправлен: https://kwork.ru/projects/3105925
2026-04-11 18:26:18 | INFO | Дубликат пропущен: https://kwork.ru/projects/3147484
2026-04-11 18:26:18 | INFO | Дубликат пропущен: https://kwork.ru/projects/3147468
2026-04-11 18:26:18 | INFO | Дубликат пропущен: https://kwork.ru/projects/3147316
2026-04-11 18:26:18 | INFO | Дубликат пропущен: https://kwork.ru/projects/3147458
2026-04-11 18:26:18 | INFO | Дубликат пропущен: https://kwork.ru/projects/3147423
2026-04-11 18:26:18 | INFO | Дубликат пропущен: https://kwork.ru/projects/3147374
2026-04-11 18:26:18 | INFO | Дубликат пропущен: https://kwork.ru/projects/3147368
2026-04-11 18:26:18 | INFO | Дубликат пропущен: https://kwork.ru/projects/3147372
2026-04-11 18:26:18 | INFO | Дубликат пропущен: https://kwork.ru/projects/3147319
2026-04-11 18:26:18 | INFO | Дубликат пропущен: https://kwork.ru/projects/3122969
2026-04-11 18:26:18 | INFO | Дубликат пропущен: https://kwork.ru/projects/3147387
2026-04-11 18:26:18 | INFO | Дубликат пропущен: https://kwork.ru/projects/2884050
2026-04-11 18:26:18 | INFO | Дубликат пропущен: https://kwork.ru/projects/202737
2026-04-11 18:26:18 | INFO | Дубликат пропущен: https://kwork.ru/projects/1830666
2026-04-11 18:26:19 | INFO | Новый заказ отправлен: https://kwork.ru/projects/1854458
2026-04-11 18:26:20 | INFO | Новый заказ отправлен: https://kwork.ru/projects/3141322
2026-04-11 18:26:20 | INFO | Дубликат пропущен: https://kwork.ru/projects/3147207
2026-04-11 18:26:21 | INFO | Новый заказ отправлен: https://kwork.ru/projects/3147163
2026-04-11 18:26:21 | INFO | Дубликат пропущен: https://kwork.ru/projects/3147138
2026-04-11 18:26:22 | INFO | Новый заказ отправлен: https://kwork.ru/projects/3147133
2026-04-11 18:26:22 | INFO | Дубликат пропущен: https://kwork.ru/projects/3135754
2026-04-11 18:26:22 | INFO | Дубликат пропущен: https://kwork.ru/projects/3147128
2026-04-11 18:26:22 | INFO | Дубликат пропущен: https://kwork.ru/projects/3147079
2026-04-11 18:26:22 | INFO | Дубликат пропущен: https://kwork.ru/projects/3147024
2026-04-11 18:26:22 | INFO | Дубликат пропущен: https://kwork.ru/projects/3147019
2026-04-11 18:26:22 | INFO | Дубликат пропущен: https://kwork.ru/projects/3147108
2026-04-11 18:26:22 | INFO | Дубликат пропущен: https://kwork.ru/projects/3147043
2026-04-11 18:26:22 | INFO | Дубликат пропущен: https://kwork.ru/projects/3094690
2026-04-11 18:26:22 | INFO | Дубликат пропущен: https://kwork.ru/projects/3146865
2026-04-11 18:26:24 | INFO | Новый заказ отправлен: https://kwork.ru/projects/3146749
2026-04-11 18:26:24 | INFO | Новый заказ отправлен: https://kwork.ru/projects/3146634
2026-04-11 18:26:24 | INFO | Дубликат пропущен: https://kwork.ru/projects/3146632
2026-04-11 18:26:24 | INFO | Дубликат пропущен: https://kwork.ru/projects/3146598
2026-04-11 18:26:24 | INFO | Дубликат пропущен: https://kwork.ru/projects/3146484
2026-04-11 18:26:24 | INFO | Дубликат пропущен: https://kwork.ru/projects/3146455
2026-04-11 18:26:24 | INFO | Дубликат пропущен: https://kwork.ru/projects/3077462
2026-04-11 18:26:24 | INFO | Дубликат пропущен: https://kwork.ru/projects/3146315
2026-04-11 18:26:24 | INFO | Дубликат пропущен: https://kwork.ru/projects/3146268
2026-04-11 18:26:24 | INFO | Дубликат пропущен: https://kwork.ru/projects/3146236
2026-04-11 18:26:26 | INFO | Новый заказ отправлен: https://kwork.ru/projects/3146190
2026-04-11 18:26:26 | INFO | Дубликат пропущен: https://kwork.ru/projects/3116417
2026-04-11 18:26:26 | INFO | Дубликат пропущен: https://kwork.ru/projects/3108907
2026-04-11 18:35:15 | INFO | Парсинг запущен
2026-04-11 18:35:48 | INFO | Kwork: 162 | FL.ru: 30 | После фильтра: 140
2026-04-11 18:35:48 | INFO | Дубликат пропущен: https://kwork.ru/projects/3148649
2026-04-11 18:35:48 | INFO | Дубликат пропущен: https://kwork.ru/projects/3148645
2026-04-11 18:35:48 | INFO | Дубликат пропущен: https://kwork.ru/projects/3148567
2026-04-11 18:35:48 | INFO | Дубликат пропущен: https://kwork.ru/projects/3148615
2026-04-11 18:35:48 | INFO | Дубликат пропущен: https://kwork.ru/projects/3148612
2026-04-11 18:35:48 | INFO | Дубликат пропущен: https://kwork.ru/projects/3148609
2026-04-11 18:35:48 | INFO | Дубликат пропущен: https://kwork.ru/projects/3148594
2026-04-11 18:35:48 | INFO | Дубликат пропущен: https://kwork.ru/projects/3146812
2026-04-11 18:35:48 | INFO | Дубликат пропущен: https://kwork.ru/projects/3148587
2026-04-11 18:35:48 | INFO | Дубликат пропущен: https://kwork.ru/projects/3148570
2026-04-11 18:35:48 | INFO | Дубликат пропущен: https://kwork.ru/projects/3148574
2026-04-11 18:35:48 | INFO | Дубликат пропущен: https://kwork.ru/projects/3148400
2026-04-11 18:35:48 | INFO | Дубликат пропущен: https://kwork.ru/projects/3148544
2026-04-11 18:35:48 | INFO | Дубликат пропущен: https://kwork.ru/projects/3148259
2026-04-11 18:35:48 | INFO | Дубликат пропущен: https://kwork.ru/projects/3148529
2026-04-11 18:35:48 | INFO | Дубликат пропущен: https://kwork.ru/projects/3148517
2026-04-11 18:35:48 | INFO | Дубликат пропущен: https://kwork.ru/projects/3148504
2026-04-11 18:35:48 | INFO | Дубликат пропущен: https://kwork.ru/projects/3148502
2026-04-11 18:35:48 | INFO | Дубликат пропущен: https://kwork.ru/projects/3148468
2026-04-11 18:35:48 | INFO | Дубликат пропущен: https://kwork.ru/projects/3148459
2026-04-11 18:35:48 | INFO | Дубликат пропущен: https://kwork.ru/projects/3148394
2026-04-11 18:35:48 | INFO | Дубликат пропущен: https://kwork.ru/projects/3148351
2026-04-11 18:35:48 | INFO | Дубликат пропущен: https://kwork.ru/projects/3148364
2026-04-11 18:35:48 | INFO | Дубликат пропущен: https://kwork.ru/projects/3148347
2026-04-11 18:35:48 | INFO | Дубликат пропущен: https://kwork.ru/projects/3148345
2026-04-11 18:35:48 | INFO | Дубликат пропущен: https://kwork.ru/projects/3148339
2026-04-11 18:35:48 | INFO | Дубликат пропущен: https://kwork.ru/projects/3148306
2026-04-11 18:35:48 | INFO | Дубликат пропущен: https://kwork.ru/projects/3148286
2026-04-11 18:35:48 | INFO | Дубликат пропущен: https://kwork.ru/projects/3148240
2026-04-11 18:35:48 | INFO | Дубликат пропущен: https://kwork.ru/projects/3148135
2026-04-11 18:35:48 | INFO | Дубликат пропущен: https://kwork.ru/projects/3148100
2026-04-11 18:35:48 | INFO | Дубликат пропущен: https://kwork.ru/projects/3148440
2026-04-11 18:35:48 | INFO | Дубликат пропущен: https://kwork.ru/projects/3148375
2026-04-11 18:35:48 | INFO | Дубликат пропущен: https://kwork.ru/projects/3148374
2026-04-11 18:35:48 | INFO | Дубликат пропущен: https://kwork.ru/projects/3140538
2026-04-11 18:35:48 | INFO | Дубликат пропущен: https://kwork.ru/projects/3114453
2026-04-11 18:35:48 | INFO | Дубликат пропущен: https://kwork.ru/projects/3145187
2026-04-11 18:35:48 | INFO | Дубликат пропущен: https://kwork.ru/projects/3147979
2026-04-11 18:35:48 | INFO | Дубликат пропущен: https://kwork.ru/projects/3147995
2026-04-11 18:35:48 | INFO | Дубликат пропущен: https://kwork.ru/projects/3147395
2026-04-11 18:35:48 | INFO | Дубликат пропущен: https://kwork.ru/projects/3147771
2026-04-11 18:35:48 | INFO | Дубликат пропущен: https://kwork.ru/projects/3147946
2026-04-11 18:35:48 | INFO | Дубликат пропущен: https://kwork.ru/projects/3143544
2026-04-11 18:35:48 | INFO | Дубликат пропущен: https://kwork.ru/projects/3147929
2026-04-11 18:35:48 | INFO | Дубликат пропущен: https://kwork.ru/projects/3147859
2026-04-11 18:35:48 | INFO | Дубликат пропущен: https://kwork.ru/projects/3147867
2026-04-11 18:35:48 | INFO | Дубликат пропущен: https://kwork.ru/projects/3147829
2026-04-11 18:35:48 | INFO | Дубликат пропущен: https://kwork.ru/projects/3147824
2026-04-11 18:35:48 | INFO | Дубликат пропущен: https://kwork.ru/projects/2923776
2026-04-11 18:35:48 | INFO | Дубликат пропущен: https://kwork.ru/projects/3096682
2026-04-11 18:35:48 | INFO | Дубликат пропущен: https://kwork.ru/projects/3144601
2026-04-11 18:35:48 | INFO | Дубликат пропущен: https://kwork.ru/projects/3147789
2026-04-11 18:35:48 | INFO | Дубликат пропущен: https://kwork.ru/projects/3147758
2026-04-11 18:35:48 | INFO | Дубликат пропущен: https://kwork.ru/projects/3147744
2026-04-11 18:35:48 | INFO | Дубликат пропущен: https://kwork.ru/projects/3144474
2026-04-11 18:35:48 | INFO | Дубликат пропущен: https://kwork.ru/projects/3147768
2026-04-11 18:35:48 | INFO | Дубликат пропущен: https://kwork.ru/projects/3147780
2026-04-11 18:35:48 | INFO | Дубликат пропущен: https://kwork.ru/projects/3147753
2026-04-11 18:35:48 | INFO | Дубликат пропущен: https://kwork.ru/projects/3128980
2026-04-11 18:35:48 | INFO | Дубликат пропущен: https://kwork.ru/projects/3147736
2026-04-11 18:35:48 | INFO | Дубликат пропущен: https://kwork.ru/projects/3147612
2026-04-11 18:35:48 | INFO | Дубликат пропущен: https://kwork.ru/projects/3147728
2026-04-11 18:35:48 | INFO | Дубликат пропущен: https://kwork.ru/projects/3147706
2026-04-11 18:35:48 | INFO | Дубликат пропущен: https://kwork.ru/projects/3147696
2026-04-11 18:35:48 | INFO | Дубликат пропущен: https://kwork.ru/projects/3147695
2026-04-11 18:35:48 | INFO | Дубликат пропущен: https://kwork.ru/projects/3147686
2026-04-11 18:35:48 | INFO | Дубликат пропущен: https://kwork.ru/projects/3147668
2026-04-11 18:35:48 | INFO | Дубликат пропущен: https://kwork.ru/projects/3147684
2026-04-11 18:35:48 | INFO | Дубликат пропущен: https://kwork.ru/projects/3139331
2026-04-11 18:35:48 | INFO | Дубликат пропущен: https://kwork.ru/projects/3140709
2026-04-11 18:35:48 | INFO | Дубликат пропущен: https://kwork.ru/projects/3147681
2026-04-11 18:35:48 | INFO | Дубликат пропущен: https://kwork.ru/projects/3147678
2026-04-11 18:35:48 | INFO | Дубликат пропущен: https://kwork.ru/projects/3147623
2026-04-11 18:35:48 | INFO | Дубликат пропущен: https://kwork.ru/projects/3147660
2026-04-11 18:35:48 | INFO | Дубликат пропущен: https://kwork.ru/projects/3140290
2026-04-11 18:35:48 | INFO | Дубликат пропущен: https://kwork.ru/projects/3130718
2026-04-11 18:35:48 | INFO | Дубликат пропущен: https://kwork.ru/projects/3147577
2026-04-11 18:35:48 | INFO | Дубликат пропущен: https://kwork.ru/projects/3147621
2026-04-11 18:35:48 | INFO | Дубликат пропущен: https://kwork.ru/projects/3147611
2026-04-11 18:35:48 | INFO | Дубликат пропущен: https://kwork.ru/projects/3147605
2026-04-11 18:35:48 | INFO | Дубликат пропущен: https://kwork.ru/projects/3147567
2026-04-11 18:35:48 | INFO | Дубликат пропущен: https://kwork.ru/projects/3147564
2026-04-11 18:35:48 | INFO | Дубликат пропущен: https://kwork.ru/projects/3147581
2026-04-11 18:35:48 | INFO | Дубликат пропущен: https://kwork.ru/projects/3147571
2026-04-11 18:35:48 | INFO | Дубликат пропущен: https://kwork.ru/projects/3147547
2026-04-11 18:35:48 | INFO | Дубликат пропущен: https://kwork.ru/projects/3147526
2026-04-11 18:35:48 | INFO | Дубликат пропущен: https://kwork.ru/projects/3147525
2026-04-11 18:35:48 | INFO | Дубликат пропущен: https://kwork.ru/projects/3147522
2026-04-11 18:35:48 | INFO | Дубликат пропущен: https://kwork.ru/projects/3137788
2026-04-11 18:35:48 | INFO | Дубликат пропущен: https://kwork.ru/projects/2664819
2026-04-11 18:35:48 | INFO | Дубликат пропущен: https://kwork.ru/projects/3105925
2026-04-11 18:35:48 | INFO | Дубликат пропущен: https://kwork.ru/projects/3147484
2026-04-11 18:35:48 | INFO | Дубликат пропущен: https://kwork.ru/projects/3147468
2026-04-11 18:35:48 | INFO | Дубликат пропущен: https://kwork.ru/projects/3147316
2026-04-11 18:35:48 | INFO | Дубликат пропущен: https://kwork.ru/projects/3147458
2026-04-11 18:35:48 | INFO | Дубликат пропущен: https://kwork.ru/projects/3147423
2026-04-11 18:35:48 | INFO | Дубликат пропущен: https://kwork.ru/projects/3147374
2026-04-11 18:35:48 | INFO | Дубликат пропущен: https://kwork.ru/projects/3147368
2026-04-11 18:35:48 | INFO | Дубликат пропущен: https://kwork.ru/projects/1830666
2026-04-11 18:35:48 | INFO | Дубликат пропущен: https://kwork.ru/projects/1854458
2026-04-11 18:35:48 | INFO | Дубликат пропущен: https://kwork.ru/projects/3141322
2026-04-11 18:35:48 | INFO | Дубликат пропущен: https://kwork.ru/projects/3147207
2026-04-11 18:35:48 | INFO | Дубликат пропущен: https://kwork.ru/projects/3147163
2026-04-11 18:35:48 | INFO | Дубликат пропущен: https://kwork.ru/projects/3147138
2026-04-11 18:35:48 | INFO | Дубликат пропущен: https://kwork.ru/projects/3147133
2026-04-11 18:35:48 | INFO | Дубликат пропущен: https://kwork.ru/projects/3135754
2026-04-11 18:35:48 | INFO | Дубликат пропущен: https://kwork.ru/projects/3147128
2026-04-11 18:35:48 | INFO | Дубликат пропущен: https://kwork.ru/projects/3147079
2026-04-11 18:35:48 | INFO | Дубликат пропущен: https://kwork.ru/projects/3147024
2026-04-11 18:35:48 | INFO | Дубликат пропущен: https://kwork.ru/projects/3147019
2026-04-11 18:35:48 | INFO | Дубликат пропущен: https://kwork.ru/projects/3147108
2026-04-11 18:35:48 | INFO | Дубликат пропущен: https://kwork.ru/projects/3147043
2026-04-11 18:35:48 | INFO | Дубликат пропущен: https://kwork.ru/projects/3094690
2026-04-11 18:35:48 | INFO | Дубликат пропущен: https://kwork.ru/projects/3146865
2026-04-11 18:35:48 | INFO | Дубликат пропущен: https://kwork.ru/projects/3146749
2026-04-11 18:35:48 | INFO | Дубликат пропущен: https://kwork.ru/projects/3146634
2026-04-11 18:35:48 | INFO | Дубликат пропущен: https://kwork.ru/projects/3146632
2026-04-11 18:35:48 | INFO | Дубликат пропущен: https://kwork.ru/projects/3146598
2026-04-11 18:35:48 | INFO | Дубликат пропущен: https://kwork.ru/projects/3146484
2026-04-11 18:35:48 | INFO | Дубликат пропущен: https://kwork.ru/projects/3146455
2026-04-11 18:35:48 | INFO | Дубликат пропущен: https://kwork.ru/projects/3077462
2026-04-11 18:35:48 | INFO | Дубликат пропущен: https://kwork.ru/projects/3146315
2026-04-11 18:35:48 | INFO | Дубликат пропущен: https://kwork.ru/projects/3146268
2026-04-11 18:35:48 | INFO | Дубликат пропущен: https://kwork.ru/projects/3146236
2026-04-11 18:35:48 | INFO | Дубликат пропущен: https://kwork.ru/projects/3146190
2026-04-11 18:35:48 | INFO | Дубликат пропущен: https://kwork.ru/projects/3116417
2026-04-11 18:35:48 | INFO | Дубликат пропущен: https://kwork.ru/projects/3108907
2026-04-11 18:35:49 | INFO | Новый заказ отправлен: https://www.fl.ru/projects/5499697/proektirovanie-elektrosnabjeniya-razdel-em.html
2026-04-11 18:35:51 | INFO | Новый заказ отправлен: https://www.fl.ru/projects/5499693/nastroyki-i-optimizatsiya-bitriks.html
2026-04-11 18:35:51 | INFO | Новый заказ отправлен: https://www.fl.ru/projects/5499691/sozdanie-ai-agenta.html
2026-04-11 18:35:52 | INFO | Новый заказ отправлен: https://www.fl.ru/projects/5499690/dorabotat-playwright-skript-na-python.html
2026-04-11 18:35:53 | INFO | Новый заказ отправлен: https://www.fl.ru/projects/5499540/ischem-partnerov-kotoryie-pomogut-privodit-proizvoditeley-brendyi-i-postavschikov-na-platformu-sbyita.html
2026-04-11 18:35:54 | INFO | Новый заказ отправлен: https://www.fl.ru/projects/5499688/rassyilka-predlojeniy-prodavtsam-na-ozon-100-soobscheniy.html
2026-04-11 18:35:55 | INFO | Новый заказ отправлен: https://www.fl.ru/projects/5499687/diplomnaya-rabota-kommercheskaya-nedvijimost.html
2026-04-11 18:35:56 | INFO | Новый заказ отправлен: https://www.fl.ru/projects/5499677/spetsialist-po-tg-rassyilke.html
2026-04-11 18:35:56 | INFO | Новый заказ отправлен: https://www.fl.ru/projects/5499684/sozdanie-i-razrabotka-shablona.html
2026-04-11 18:35:57 | INFO | Новый заказ отправлен: https://www.fl.ru/projects/5499679/sozdanie-tg-mini-apps-dlya-magazina-obuvi.html
2026-04-11 18:35:58 | INFO | Новый заказ отправлен: https://www.fl.ru/projects/5497832/tehnologichnyiy-smm-spetsialist.html
2026-04-11 18:36:05 | INFO | Новый заказ отправлен: https://www.fl.ru/projects/5499525/razrabotka-rabochey-dokumentatsii-kj-v-revit.html
2026-04-11 18:36:32 | WARNING | Попытка 1/3 отправки не удалась: HTTP Client says - ClientConnectorError: Cannot connect to host api.telegram.org:443 ssl:default [None]
2026-04-11 18:36:38 | INFO | Новый заказ отправлен: https://www.fl.ru/projects/5499504/trebuetsya-razrabotka-str-razdela-ov-.html
